2017-08-21 16:22:46,769 - rootLogger - INFO - Clicked on Administration tab
2017-08-21 16:23:26,082 - rootLogger - INFO - DashboardType is selected
2017-08-21 16:23:26,297 - rootLogger - INFO - View is selected
2017-08-21 16:23:26,486 - rootLogger - INFO - Calender/Fiscal is selected
2017-08-21 16:23:38,855 - rootLogger - INFO - Search indicator in grid
2017-08-21 16:23:49,279 - rootLogger - INFO - click on checkbox
2017-08-21 16:24:45,141 - rootLogger - INFO - Clicked on Administration tab
2017-08-21 16:25:02,980 - rootLogger - INFO - DashboardType is selected
2017-08-21 16:25:03,144 - rootLogger - INFO - View is selected
2017-08-21 16:25:03,272 - rootLogger - INFO - Calender/Fiscal is selected
2017-08-21 16:25:14,985 - rootLogger - INFO - Search indicator in grid
2017-08-21 16:25:25,363 - rootLogger - INFO - click on checkbox
2017-08-21 16:25:43,711 - rootLogger - INFO - Dashboard is saved
2017-08-21 16:26:20,752 - rootLogger - INFO - Clicked on Administration tab
2017-08-21 16:26:37,257 - rootLogger - INFO - DashboardType is selected
2017-08-21 16:26:37,484 - rootLogger - INFO - View is selected
2017-08-21 16:26:37,637 - rootLogger - INFO - Calender/Fiscal is selected
2017-08-21 16:26:48,795 - rootLogger - INFO - Search indicator in grid
2017-08-21 16:26:59,205 - rootLogger - INFO - click on checkbox
2017-08-21 16:27:20,916 - rootLogger - INFO - Dashboard is saved
2017-08-21 16:28:34,379 - rootLogger - INFO - Clicked on Administration tab
2017-08-21 16:28:50,354 - rootLogger - INFO - DashboardType is selected
2017-08-21 16:28:50,541 - rootLogger - INFO - View is selected
2017-08-21 16:28:50,708 - rootLogger - INFO - Calender/Fiscal is selected
2017-08-21 16:29:03,065 - rootLogger - INFO - Search indicator in grid
2017-08-21 16:29:13,463 - rootLogger - INFO - click on checkbox
2017-08-21 16:29:33,520 - rootLogger - INFO - Dashboard is saved
2017-08-21 16:30:38,104 - rootLogger - INFO - Clicked on Administration tab
2017-08-21 16:30:54,730 - rootLogger - INFO - DashboardType is selected
2017-08-21 16:30:54,907 - rootLogger - INFO - View is selected
2017-08-21 16:30:55,118 - rootLogger - INFO - Calender/Fiscal is selected
2017-08-21 16:31:07,418 - rootLogger - INFO - Search indicator in grid
2017-08-21 16:31:17,784 - rootLogger - INFO - click on checkbox
2017-08-21 16:31:37,607 - rootLogger - INFO - Dashboard is saved
2017-08-21 16:32:17,013 - rootLogger - INFO - Clicked on Administration tab
2017-08-21 16:32:30,015 - rootLogger - INFO - DashboardType is selected
2017-08-21 16:32:30,186 - rootLogger - INFO - View is selected
2017-08-21 16:32:30,395 - rootLogger - INFO - Calender/Fiscal is selected
2017-08-21 16:32:42,763 - rootLogger - INFO - Search indicator in grid
2017-08-21 16:32:53,111 - rootLogger - INFO - click on checkbox
2017-08-21 16:33:09,775 - rootLogger - INFO - Dashboard is saved
2017-08-21 16:43:03,394 - rootLogger - INFO - Clicked on Administration tab
2017-08-21 16:44:44,993 - rootLogger - INFO - Clicked on Administration tab
